=std=bcl::util=> Logger was changed to: File with identifier: phe_der_out_13_Rotamer.log
/home/oanh/Documents/BCL_github/bcl/build/linux64_release/bin/bcl-apps-static.exe molecule:ConformerGenerator -conformation_comparer SymmetryRMSD 0.0 -max_iterations 8000 -top_models 200 -cluster -ensemble_filenames dipeptide_sdf/phe_der_out_13.sdf -conformers_single_file conformers_sdf/phe_der_out_13_Rotamer.sdf -explicit_aromaticity -logger File phe_der_out_13_Rotamer.log 
BCL v4.1.0, r0, compiled on Mon Feb  8 18:24:20 2021
=std=bcl=> executing application: molecule:ConformerGenerator
=crt=bcl::random=> Seed was set to 5489!
=crt=bcl::random=> Seed was set to 5489!

========================================================================================================================

BCL FLAGS

-message_level not set
   <level> Standard (default)
   <verbosity> Summary (default)
-logger set
   <> File
   <identifier> phe_der_out_13_Rotamer.log
-help not set
-readme not set
-file_compressed_alternatives not set
-file_compression not set
   <compression_type> Uncompressed (default)
-enums_files not set
-random_seed not set
   <seed> 5489 (default)
-model_path not set
   <model_path_name> /home/oanh/Documents/BCL_github/bcl/model/ (default)
-histogram_path not set
   <path> /home/oanh/Documents/BCL_github/bcl/histogram/ (default)
-opencl not set
   <platform> Disable (default)
-scheduler not set
   <scheduler> Serial (default)
   <number_cpus> 1 (default)

========================================================================================================================

APPLICATION FLAGS

-help not set
-readme not set
-ensemble_filenames set
   <filenames> dipeptide_sdf/phe_der_out_13.sdf
-ensemble_start not set
   <start> 0 (default)
-ensemble_max not set
   <number> 18446744073709551615 (default)
-add_h not set
-remove_h not set
-neutralize not set
   <method> BondOrderAndpH (default)
-explicit_aromaticity set
-natives not set
-conformation_comparer set
   <rmsd_type> SymmetryRMSD
   <tolerance> 0.0
-max_iterations set
   <max_iterations> 8000
-output_ligand_data not set
-top_models set
   <top_models> 200
-failed_3D not set
-output_rmsd_score not set
-conformers_single_file set
   <conformers_single_file> conformers_sdf/phe_der_out_13_Rotamer.sdf
-conformers_separate_files not set
-minimum_number_conformations not set
-change_chirality not set
-generate_3D not set
-cluster set
-skip_cluster not set
-rnd_dihedral_mutate_weight not set
   <mutate_weight> 0.0 (default)
-skip_rotamer_dihedral_sampling not set
-skip_bond_angle_sampling not set
-skip_ring_sampling not set
-clash_resolution not set
   <max_clash_resolution_iterations> 0.1 (default)
-max_clash_tolerance not set
   <max_clash_tolerance> 0.1 (default)
-rotamer_library not set
   <> cod (default)

========================================================================================================================

=crt=bcl::app=>  iterating through ensemble in ANC - 0
=std=bcl::util=> FindFrags has run for 1.29627 seconds
=std=bcl::chemistry=> Number of fragments in rotamer library that map to this molecule: 104
=std=bcl::chemistry=> Found 8 rotatable bonds, 1 flexible rings, 8 changeable bond angles; 
=std=bcl::chemistry=> Found 1 isomorphisms for this molecule
=std=bcl::util=> Clustering has run for 12.9512 seconds

========================================================================================================================
=slt=bcl=> bcl has run for 00:00:25, peak virtual memory used: 1386 MB, peak physical RAM used: 1280 MB
=std=bcl::util=> Clustering has run for 12.9512 seconds
=std=bcl::util=> Clash resolution (not counting clash scoring) has run for 0.542195 seconds
=std=bcl::util=> bond_length_sampling has run for 0.044193 seconds
=std=bcl::util=> bond_angle_setup has run for 0.67276 seconds
=std=bcl::util=> bond_angles_sampling_for_ring_bonds has run for 0.183366 seconds
=std=bcl::util=> bond_angle_sampling_for_3-4_bonded_atoms has run for 0.416909 seconds
=std=bcl::util=> bond_angle_sampling_for_2_bonded_atoms has run for 0.072301 seconds
=std=bcl::util=> Sampling Total has run for 6.7428 seconds
=std=bcl::util=>   AtomClashScore ClashComputation has run for 0.44232 seconds
=std=bcl::util=> do_rotate_bond has run for 0.052876 seconds
=std=bcl::util=> create_transformation_matrix has run for 0.244343 seconds
=std=bcl::util=> mutate_chain has run for 0.994544 seconds
=std=bcl::util=> mutate_ring has run for 0.551378 seconds
=std=bcl::util=> MapFragmentIsomorphisms has run for 1.34227 seconds
=std=bcl::util=> FindFrags has run for 1.29627 seconds
